------------------------------------------
M.U.G.E.N ver 1.00 (2011.01.18) status log
------------------------------------------
Parsing command line...
Command line: F:\myProjects\MugenEvolve\mugen\mugen chan_3_3 chan_3_5 -log -rounds
Parse command line OK
Initializing...
Allocating game variables
Reading configuration file...OK
Initializing timer...performance timer enabled...frequency 10000000...OK
Initializing keyboard...configuring...OK
Initializing input engine...OK
Initializing sound...Initializing graphics...gameCoord 640x480...render mode 0_0...trying 640x480x16 mode 0x0...success...OK
Setting callbacks...OK
Initializing font...OK
Initializing game variables...OK
Loading system fonts...OK
Loading options...
Initializing pads...failed
Reinitializing input engine...OK
Remapping keys...OK
Reinitializing input engine...OK
Options loaded OK
Loading system...
  Load system file system.def...OK
  Load system spr...OK
  Load system fonts...OK
  Load system anim...OK
  Load [Title Info]...OK
  Load [Option Info]...OK
  Load [Select Info]...OK
  Load [VS Screen]...OK
  Load [Victory Screen]...OK
  Load [Demo Mode]...OK
  Load [Continue Screen]...OK
  Load [Game Over Screen]...OK
  Load [Win Screen]...OK
  Load [Survival Results Screen]...OK
  Load [Default Ending]...OK
  Load [End Credits]...OK
  Load TitleBG...VersusBG...VictoryBG...SelectBG...OptionBG...OK
  Loading fight data
    Opening fight data file data/mugen1/fight.def...OK
    Reading [Files]...OK
    Loading fonts...OK
    Load fight anim...OK
    Reading [Lifebar]...[Turns Lifebar]...[Simul Lifebar]...[Powerbar]...
    [Face]...[Simul Face]...[Turns Face]...
    [Name]...[Simul Name]...[Turns Name]...
    [Time]...[Combo]...[Round]...[WinIcon]...OK
    Allocating explods...OK
  Fight data loaded OK
System loaded OK
Initialize OK
Set up graphics...timer...OK
Initializing character info...OK
Playing quick VS.

Entering main loop
Initializing stage...
  Loading BG...OK
  Allocating helpers...OK
Stage initialized OK
Loading character chars/chan_3_3/chan_3_3.def...
  Loading info...OK
  Loading cmd command set chan_3_3.cmd...OK
  Loading cns cns.cns...OK
  Loading cmd state entry chan_3_3.cmd...OK
  Loading common states common1.cns...OK
  Unloading command names...OK
  Loading sff sff.sff...OK
  Loading anim air.air...OK
  Loading pals...OK
  Loading learned AI kfm.ai...OK
  3097 expressions (1067 on trigger lines)
Character chan_3_3.def loaded OK
Loading character chars/chan_3_5/chan_3_5.def...
  Loading info...OK
  Loading cmd command set chan_3_5.cmd...OK
  Loading cns cns.cns...OK
  Loading cmd state entry chan_3_5.cmd...OK
  Loading common states common1.cns...OK
  Unloading command names...OK
  Loading sff sff.sff...OK
  Loading anim air.air...OK
  Loading pals...OK
  Loading learned AI kfm.ai...OK
  3090 expressions (1060 on trigger lines)
Character chan_3_5.def loaded OK
Start of game loop
End of game loop
Total time: 5.25s
Total frames: 2815 	Skipped frames: 1143
Avg game rate: 536.19
Avg frame rate: 318.48

Returned from main loop
Deinitializing...
Frames      : 2815
Time elapsed: 5.420 sec
ticks: 542, tps: 100, start 9, end 551

Clearing player cache...OK
Freeing character info...OK
Freeing fight data...OK
Freeing system data...OK
Freeing game variables...OK
Deinitializing input...pad...keyboard...OK
Removing callbacks...OK
Deintializing timer...OK
Deinitializing graphics...OK
Deinitializing BGM...OK
Deinitializing sound...OK
Successful program termination.

Log file successfully closed.
